[debug] [2026-03-22T18:22:23.247Z] ----------------------------------------------------------------------
[debug] [2026-03-22T18:22:23.248Z] Command:       C:\Program Files\nodejs\node.exe C:\Users\bertr\AppData\Roaming\npm\node_modules\firebase-tools\lib\bin\firebase.js login --no-localhost
[debug] [2026-03-22T18:22:23.249Z] CLI Version:   11.30.0
[debug] [2026-03-22T18:22:23.249Z] Platform:      win32
[debug] [2026-03-22T18:22:23.249Z] Node Version:  v16.17.0
[debug] [2026-03-22T18:22:23.250Z] Time:          Sun Mar 22 2026 19:22:23 GMT+0100 (heure normale d’Europe centrale)
[debug] [2026-03-22T18:22:23.251Z] ----------------------------------------------------------------------
[debug] 
[debug] [2026-03-22T18:22:23.254Z] >>> [apiv2][query] GET https://firebase-public.firebaseio.com/cli.json [none]
[info] i  Firebase optionally collects CLI and Emulator Suite usage and error reporting information to help improve our products. Data is collected in accordance with Google's privacy policy (https://policies.google.com/privacy) and is not used to identify you.
 
[debug] [2026-03-22T18:22:23.616Z] <<< [apiv2][status] GET https://firebase-public.firebaseio.com/cli.json 200
[debug] [2026-03-22T18:22:23.616Z] <<< [apiv2][body] GET https://firebase-public.firebaseio.com/cli.json {"cloudBuildErrorAfter":1594252800000,"cloudBuildWarnAfter":1590019200000,"defaultNode10After":1594252800000,"minVersion":"3.0.5","node8DeploysDisabledAfter":1613390400000,"node8RuntimeDisabledAfter":1615809600000,"node8WarnAfter":1600128000000}
[info] i  To change your data collection preference at any time, run `firebase logout` and log in again. 
[debug] [2026-03-22T18:22:40.371Z] >>> [apiv2][query] POST https://auth.firebase.tools/attest [none]
[debug] [2026-03-22T18:22:40.371Z] >>> [apiv2][body] POST https://auth.firebase.tools/attest {"session_id":"deafd16d-4c04-4c6b-a721-0257bcacc396"}
[debug] [2026-03-22T18:22:40.902Z] <<< [apiv2][status] POST https://auth.firebase.tools/attest 200
[debug] [2026-03-22T18:22:40.903Z] <<< [apiv2][body] POST https://auth.firebase.tools/attest {"token":"c32i95ifH7sUeMLExUA6GoCpSYOzabKsht7U4dURlnk"}
[info] 
[info] To sign in to the Firebase CLI:
[info] 
[info] 1. Take note of your session ID:
[info] 
[info]    DEAFD
[info] 
[info] 2. Visit the URL below on any device and follow the instructions to get your code:
[info] 
[info]    https://auth.firebase.tools/login?code_challenge=yDjPaW4cWQG8YNAsosFHfY3DuFW3MtfejrSJsvMEQyY&session=deafd16d-4c04-4c6b-a721-0257bcacc396&attest=c32i95ifH7sUeMLExUA6GoCpSYOzabKsht7U4dURlnk
[info] 
[info] 3. Paste or enter the authorization code below once you have it:
[info] 
[debug] [2026-03-22T18:26:33.060Z] ----------------------------------------------------------------------
[debug] [2026-03-22T18:26:33.061Z] Command:       C:\Program Files\nodejs\node.exe C:\Users\bertr\AppData\Roaming\npm\node_modules\firebase-tools\lib\bin\firebase.js login
[debug] [2026-03-22T18:26:33.061Z] CLI Version:   11.30.0
[debug] [2026-03-22T18:26:33.061Z] Platform:      win32
[debug] [2026-03-22T18:26:33.061Z] Node Version:  v16.17.0
[debug] [2026-03-22T18:26:33.062Z] Time:          Sun Mar 22 2026 19:26:33 GMT+0100 (heure normale d’Europe centrale)
[debug] [2026-03-22T18:26:33.062Z] ----------------------------------------------------------------------
[debug] 
[info] i  Firebase optionally collects CLI and Emulator Suite usage and error reporting information to help improve our products. Data is collected in accordance with Google's privacy policy (https://policies.google.com/privacy) and is not used to identify you.
 
[info] i  To change your data collection preference at any time, run `firebase logout` and log in again. 
[info] 
[info] Visit this URL on this device to log in:
[info] https://accounts.google.com/o/oauth2/auth?client_id=563584335869-fgrhgmd47bqnekij5i8b5pr03ho849e6.apps.googleusercontent.com&scope=email%20openid%20https%3A%2F%2Fwww.googleapis.com%2Fauth%2Fcloudplatformprojects.readonly%20https%3A%2F%2Fwww.googleapis.com%2Fauth%2Ffirebase%20https%3A%2F%2Fwww.googleapis.com%2Fauth%2Fcloud-platform&response_type=code&state=196309559&redirect_uri=http%3A%2F%2Flocalhost%3A9005
[info] 
[info] Waiting for authentication...
